TN:
SF:script/Deploy.s.sol
FN:17,Deploy.run
FNDA:0,Deploy.run
DA:18,0
DA:21,0
DA:23,0
DA:25,0
FNF:1
FNH:0
LF:4
LH:0
BRF:0
BRH:0
end_of_record
TN:
SF:src/Pogs.sol
FN:55,Pogs.mint
FNDA:5,Pogs.mint
DA:56,5
BRDA:56,0,0,1
BRDA:56,0,1,4
DA:57,4
BRDA:57,1,0,1
BRDA:57,1,1,3
DA:58,3
BRDA:58,2,0,1
BRDA:58,2,1,2
DA:59,2
BRDA:59,3,0,1
BRDA:59,3,1,1
DA:62,1
FN:65,Pogs.mintWithTicket
FNDA:12,Pogs.mintWithTicket
DA:69,12
BRDA:69,4,0,1
BRDA:69,4,1,11
DA:70,11
BRDA:70,5,0,1
BRDA:70,5,1,10
DA:71,10
BRDA:71,6,0,1
BRDA:71,6,1,9
DA:75,9
BRDA:75,7,0,1
BRDA:75,7,1,8
DA:80,8
DA:82,8
DA:86,8
DA:95,8
BRDA:95,8,0,4
BRDA:95,8,1,4
DA:96,4
DA:100,4
FN:103,Pogs.verifyTicket
FNDA:4,Pogs.verifyTicket
DA:110,4
DA:114,4
FN:124,Pogs._verifyTicket
FNDA:0,Pogs._verifyTicket
DA:132,12
BRDA:132,9,0,1
BRDA:132,9,1,11
DA:133,1
DA:136,11
BRDA:135,10,0,1
BRDA:135,10,1,7
DA:142,7
DA:143,7
BRDA:143,11,0,1
BRDA:143,11,1,7
DA:144,4
FN:147,Pogs._getTicketBinAndBit
FNDA:12,Pogs._getTicketBinAndBit
DA:152,12
DA:153,12
FN:157,Pogs._isTicketClaimed
FNDA:7,Pogs._isTicketClaimed
DA:162,7
DA:163,7
BRDA:163,12,0,1
BRDA:163,12,1,6
FN:166,Pogs._claimTicket
FNDA:4,Pogs._claimTicket
DA:167,4
FN:173,Pogs.getTicket
FNDA:9,Pogs.getTicket
DA:178,20
DA:179,20
FN:182,Pogs.addTickets
FNDA:1,Pogs.addTickets
DA:183,1
FN:186,Pogs._addTickets
FNDA:1,Pogs._addTickets
DA:188,1
DA:189,1
BRDA:189,13,0,1
BRDA:189,13,1,1
DA:192,1
DA:193,1
DA:196,1
BRDA:196,14,0,3
BRDA:196,14,1,1
DA:197,1
DA:198,1
DA:199,3
FN:204,Pogs.tokensOfOwner
FNDA:1,Pogs.tokensOfOwner
DA:207,1
FN:210,Pogs.tokenURI
FNDA:5,Pogs.tokenURI
DA:213,5
BRDA:213,15,0,2
BRDA:213,15,1,3
DA:214,3
BRDA:214,16,0,-
BRDA:214,16,1,-
DA:215,1
FN:218,Pogs._startTokenId
FNDA:31,Pogs._startTokenId
DA:219,31
FN:222,Pogs.royaltyInfo
FNDA:1,Pogs.royaltyInfo
DA:226,1
FN:229,Pogs.supportsInterface
FNDA:4,Pogs.supportsInterface
DA:232,4
FN:240,Pogs.setRoyaltyPermille
FNDA:1,Pogs.setRoyaltyPermille
DA:241,1
FN:244,Pogs.setRoyaltyAddress
FNDA:2,Pogs.setRoyaltyAddress
DA:245,2
BRDA:245,17,0,1
BRDA:245,17,1,1
DA:246,1
FN:249,Pogs.setBaseURI
FNDA:2,Pogs.setBaseURI
DA:250,2
FN:253,Pogs.setUnrevealedURI
FNDA:1,Pogs.setUnrevealedURI
DA:254,1
FN:257,Pogs.setIsRevealed
FNDA:1,Pogs.setIsRevealed
DA:258,1
FN:261,Pogs.setMintPrice
FNDA:1,Pogs.setMintPrice
DA:262,1
FN:265,Pogs.mintForTeam
FNDA:9,Pogs.mintForTeam
DA:266,9
BRDA:266,18,0,3
BRDA:266,18,1,6
DA:267,6
FN:270,Pogs.setAllowListSigner
FNDA:2,Pogs.setAllowListSigner
DA:271,2
BRDA:271,19,0,1
BRDA:271,19,1,1
DA:272,1
FN:277,Pogs.setSession
FNDA:6,Pogs.setSession
DA:278,6
FN:281,Pogs.withdraw
FNDA:2,Pogs.withdraw
DA:282,2
BRDA:282,20,0,1
BRDA:282,20,1,1
DA:283,1
DA:284,1
DA:286,1
DA:287,1
BRDA:287,21,0,-
BRDA:287,21,1,1
FN:290,Pogs.setWithdrawAddress
FNDA:2,Pogs.setWithdrawAddress
DA:291,2
BRDA:291,22,0,1
BRDA:291,22,1,1
DA:292,1
FN:295,Pogs.getWithdrawBalance
FNDA:2,Pogs.getWithdrawBalance
DA:297,2
FN:308,Pogs.burn
FNDA:3,Pogs.burn
DA:309,1
FN:312,Pogs.addAdmin
FNDA:2,Pogs.addAdmin
DA:313,2
BRDA:313,23,0,1
BRDA:313,23,1,1
DA:314,1
FN:317,Pogs.removeAdmin
FNDA:1,Pogs.removeAdmin
DA:318,1
FN:321,Pogs.isAdmin
FNDA:3,Pogs.isAdmin
DA:322,3
FN:327,Pogs.
FNDA:0,Pogs.
FNF:32
FNH:30
LF:71
LH:71
BRF:48
BRH:45
end_of_record
