TN:
SF:script/Deploy.s.sol
FN:17,Deploy.run
FNDA:0,Deploy.run
DA:18,0
DA:21,0
DA:23,0
DA:25,0
FNF:1
FNH:0
LF:4
LH:0
BRF:0
BRH:0
end_of_record
TN:
SF:src/Pogs.sol
FN:55,Pogs.mint
FNDA:1,Pogs.mint
DA:56,1
BRDA:56,0,0,-
BRDA:56,0,1,1
DA:57,1
BRDA:57,1,0,-
BRDA:57,1,1,1
DA:58,1
BRDA:58,2,0,-
BRDA:58,2,1,1
DA:59,1
BRDA:59,3,0,-
BRDA:59,3,1,1
DA:62,1
FN:65,Pogs.mintWithTicket
FNDA:8,Pogs.mintWithTicket
DA:69,8
BRDA:69,4,0,-
BRDA:69,4,1,8
DA:70,8
BRDA:70,5,0,-
BRDA:70,5,1,8
DA:71,8
BRDA:71,6,0,-
BRDA:71,6,1,8
DA:75,8
BRDA:75,7,0,-
BRDA:75,7,1,8
DA:80,8
DA:82,8
DA:86,8
DA:95,8
BRDA:95,8,0,4
BRDA:95,8,1,4
DA:96,4
DA:100,4
FN:103,Pogs.verifyTicket
FNDA:3,Pogs.verifyTicket
DA:110,3
DA:114,3
FN:124,Pogs._verifyTicket
FNDA:0,Pogs._verifyTicket
DA:132,11
BRDA:132,9,0,-
BRDA:132,9,1,11
DA:133,0
DA:136,11
BRDA:135,10,0,1
BRDA:135,10,1,7
DA:142,7
DA:143,7
BRDA:143,11,0,1
BRDA:143,11,1,7
DA:144,4
FN:147,Pogs._getTicketBinAndBit
FNDA:11,Pogs._getTicketBinAndBit
DA:152,11
DA:153,11
FN:157,Pogs._isTicketClaimed
FNDA:7,Pogs._isTicketClaimed
DA:162,7
DA:163,7
BRDA:163,12,0,1
BRDA:163,12,1,6
FN:166,Pogs._claimTicket
FNDA:4,Pogs._claimTicket
DA:171,4
BRDA:171,13,0,-
BRDA:171,13,1,4
DA:173,4
FN:179,Pogs.getTicket
FNDA:3,Pogs.getTicket
DA:184,14
DA:185,14
FN:188,Pogs.addTickets
FNDA:0,Pogs.addTickets
DA:189,0
FN:192,Pogs._addTickets
FNDA:0,Pogs._addTickets
DA:194,0
DA:195,0
BRDA:195,14,0,-
BRDA:195,14,1,-
DA:198,0
DA:199,0
DA:202,0
BRDA:202,15,0,-
BRDA:202,15,1,-
DA:203,0
DA:204,0
DA:205,0
FN:210,Pogs.tokensOfOwner
FNDA:1,Pogs.tokensOfOwner
DA:213,1
FN:216,Pogs.tokenURI
FNDA:1,Pogs.tokenURI
DA:219,1
BRDA:219,16,0,-
BRDA:219,16,1,1
DA:220,1
BRDA:220,17,0,-
BRDA:220,17,1,-
DA:221,0
FN:224,Pogs._startTokenId
FNDA:15,Pogs._startTokenId
DA:225,15
FN:228,Pogs.royaltyInfo
FNDA:0,Pogs.royaltyInfo
DA:232,0
FN:235,Pogs.supportsInterface
FNDA:0,Pogs.supportsInterface
DA:238,0
FN:244,Pogs.setRoyaltyPermille
FNDA:0,Pogs.setRoyaltyPermille
DA:245,0
FN:248,Pogs.setRoyaltyAddress
FNDA:0,Pogs.setRoyaltyAddress
DA:249,0
FN:252,Pogs.setBaseURI
FNDA:1,Pogs.setBaseURI
DA:253,1
FN:256,Pogs.setUnrevealedURI
FNDA:0,Pogs.setUnrevealedURI
DA:257,0
FN:260,Pogs.setIsRevealed
FNDA:0,Pogs.setIsRevealed
DA:261,0
FN:264,Pogs.setMintPrice
FNDA:1,Pogs.setMintPrice
DA:265,1
FN:268,Pogs.mintForTeam
FNDA:2,Pogs.mintForTeam
DA:269,2
BRDA:269,18,0,-
BRDA:269,18,1,2
DA:270,2
FN:273,Pogs.setAllowListSigner
FNDA:0,Pogs.setAllowListSigner
DA:274,0
BRDA:274,19,0,-
BRDA:274,19,1,-
DA:275,0
FN:280,Pogs.setSession
FNDA:5,Pogs.setSession
DA:281,5
FN:284,Pogs.withdraw
FNDA:2,Pogs.withdraw
DA:285,2
BRDA:285,20,0,1
BRDA:285,20,1,1
DA:286,1
DA:287,1
DA:289,1
DA:290,1
BRDA:290,21,0,-
BRDA:290,21,1,1
FN:293,Pogs.setWithdrawAddress
FNDA:0,Pogs.setWithdrawAddress
DA:294,0
BRDA:294,22,0,-
BRDA:294,22,1,-
DA:295,0
FN:298,Pogs.getWithdrawBalance
FNDA:2,Pogs.getWithdrawBalance
DA:300,2
FN:311,Pogs.burn
FNDA:0,Pogs.burn
DA:312,0
FN:317,Pogs.
FNDA:0,Pogs.
FNF:29
FNH:16
LF:67
LH:45
BRF:46
BRH:23
end_of_record
TN:
SF:src/Pogs_bak.sol
FN:55,Pogs.mint
FNDA:0,Pogs.mint
DA:56,0
BRDA:56,0,0,-
BRDA:56,0,1,-
DA:57,0
BRDA:57,1,0,-
BRDA:57,1,1,-
DA:58,0
BRDA:58,2,0,-
BRDA:58,2,1,-
DA:59,0
BRDA:59,3,0,-
BRDA:59,3,1,-
DA:62,0
FN:65,Pogs.mintWithTicket
FNDA:0,Pogs.mintWithTicket
DA:69,0
BRDA:69,4,0,-
BRDA:69,4,1,-
DA:70,0
BRDA:70,5,0,-
BRDA:70,5,1,-
DA:74,0
BRDA:74,6,0,-
BRDA:74,6,1,-
DA:75,0
BRDA:75,7,0,-
BRDA:75,7,1,-
DA:80,0
DA:81,0
BRDA:81,8,0,-
BRDA:81,8,1,-
DA:90,0
DA:94,0
FN:97,Pogs.verifyTicket
FNDA:0,Pogs.verifyTicket
DA:104,0
BRDA:103,9,0,-
BRDA:103,9,1,-
DA:108,0
FN:111,Pogs._claimTicket
FNDA:0,Pogs._claimTicket
DA:112,0
BRDA:112,10,0,-
BRDA:112,10,1,-
DA:114,0
DA:115,0
DA:117,0
DA:118,0
DA:121,0
DA:122,0
BRDA:122,11,0,-
BRDA:122,11,1,-
DA:124,0
FN:128,Pogs.getTicket
FNDA:0,Pogs.getTicket
DA:133,0
DA:134,0
FN:137,Pogs.addTickets
FNDA:0,Pogs.addTickets
DA:138,0
FN:141,Pogs._addTickets
FNDA:0,Pogs._addTickets
DA:143,0
DA:144,0
BRDA:144,12,0,-
BRDA:144,12,1,-
DA:147,0
DA:148,0
DA:151,0
BRDA:151,13,0,-
BRDA:151,13,1,-
DA:152,0
DA:153,0
DA:154,0
FN:159,Pogs.tokensOfOwner
FNDA:0,Pogs.tokensOfOwner
DA:162,0
FN:165,Pogs.tokenURI
FNDA:0,Pogs.tokenURI
DA:168,0
BRDA:168,14,0,-
BRDA:168,14,1,-
DA:169,0
BRDA:169,15,0,-
BRDA:169,15,1,-
DA:170,0
FN:173,Pogs._startTokenId
FNDA:0,Pogs._startTokenId
DA:174,0
FN:177,Pogs.royaltyInfo
FNDA:0,Pogs.royaltyInfo
DA:181,0
FN:184,Pogs.supportsInterface
FNDA:0,Pogs.supportsInterface
DA:187,0
FN:193,Pogs.setRoyaltyPermille
FNDA:0,Pogs.setRoyaltyPermille
DA:194,0
FN:197,Pogs.setRoyaltyAddress
FNDA:0,Pogs.setRoyaltyAddress
DA:198,0
FN:201,Pogs.setBaseURI
FNDA:0,Pogs.setBaseURI
DA:202,0
FN:205,Pogs.setUnrevealedURI
FNDA:0,Pogs.setUnrevealedURI
DA:206,0
FN:209,Pogs.setIsRevealed
FNDA:0,Pogs.setIsRevealed
DA:210,0
FN:213,Pogs.setMintPrice
FNDA:0,Pogs.setMintPrice
DA:214,0
FN:217,Pogs.mintForTeam
FNDA:0,Pogs.mintForTeam
DA:218,0
BRDA:218,16,0,-
BRDA:218,16,1,-
DA:219,0
FN:222,Pogs.setAllowListSigner
FNDA:0,Pogs.setAllowListSigner
DA:223,0
BRDA:223,17,0,-
BRDA:223,17,1,-
DA:224,0
FN:229,Pogs.setSession
FNDA:0,Pogs.setSession
DA:230,0
FN:233,Pogs.withdraw
FNDA:0,Pogs.withdraw
DA:234,0
BRDA:234,18,0,-
BRDA:234,18,1,-
DA:235,0
BRDA:235,19,0,-
BRDA:235,19,1,-
DA:236,0
DA:237,0
DA:239,0
DA:240,0
BRDA:240,20,0,-
BRDA:240,20,1,-
FN:243,Pogs.setWithdrawAddress
FNDA:0,Pogs.setWithdrawAddress
DA:244,0
BRDA:244,21,0,-
BRDA:244,21,1,-
DA:245,0
FN:248,Pogs.getWithdrawBalance
FNDA:0,Pogs.getWithdrawBalance
DA:250,0
FN:260,Pogs.burn
FNDA:0,Pogs.burn
DA:261,0
FN:266,Pogs.
FNDA:0,Pogs.
FNF:26
FNH:0
LF:62
LH:0
BRF:44
BRH:0
end_of_record
